<?xml version="1.0" encoding="UTF-8"?>
<coverage generated="1600333228641" clover="3.2.0">
  <project timestamp="1600333228641" name="All files">
    <metrics statements="67" coveredstatements="57" conditionals="28" coveredconditionals="12" methods="28" coveredmethods="15" elements="123" coveredelements="84" complexity="0" loc="67" ncloc="67" packages="5" files="8" classes="8"/>
    <package name="Utils">
      <metrics statements="4" coveredstatements="4" conditionals="0" coveredconditionals="0" methods="3" coveredmethods="2"/>
      <file name="index.js" path="/Users/mac/DemoRN/src/Utils/index.js">
        <metrics statements="4" coveredstatements="4" conditionals="0" coveredconditionals="0" methods="3" coveredmethods="2"/>
        <line num="1" count="2" type="stmt"/>
        <line num="3" count="6" type="stmt"/>
        <line num="4" count="6" type="stmt"/>
        <line num="5" count="2" type="stmt"/>
      </file>
    </package>
    <package name="component.Button">
      <metrics statements="15" coveredstatements="15" conditionals="14" coveredconditionals="7" methods="7" coveredmethods="5"/>
      <file name="Button.js" path="/Users/mac/DemoRN/src/component/Button/Button.js">
        <metrics statements="11" coveredstatements="11" conditionals="4" coveredconditionals="3" methods="2" coveredmethods="2"/>
        <line num="1" count="1" type="stmt"/>
        <line num="2" count="1" type="stmt"/>
        <line num="8" count="1" type="stmt"/>
        <line num="10" count="3" type="stmt"/>
        <line num="11" count="3" type="cond" truecount="1" falsecount="1"/>
        <line num="13" count="3" type="stmt"/>
        <line num="15" count="2" type="cond" truecount="2" falsecount="0"/>
        <line num="16" count="1" type="stmt"/>
        <line num="17" count="1" type="stmt"/>
        <line num="19" count="1" type="stmt"/>
        <line num="23" count="3" type="stmt"/>
      </file>
      <file name="ButtonStyle.js" path="/Users/mac/DemoRN/src/component/Button/ButtonStyle.js">
        <metrics statements="4" coveredstatements="4" conditionals="10" coveredconditionals="4" methods="5" coveredmethods="3"/>
        <line num="1" count="1" type="stmt"/>
        <line num="2" count="4" type="cond" truecount="4" falsecount="6"/>
        <line num="4" count="1" type="stmt"/>
        <line num="12" count="1" type="stmt"/>
      </file>
    </package>
    <package name="component.ToDoList">
      <metrics statements="29" coveredstatements="19" conditionals="2" coveredconditionals="0" methods="10" coveredmethods="2"/>
      <file name="ToDoList.js" path="/Users/mac/DemoRN/src/component/ToDoList/ToDoList.js">
        <metrics statements="26" coveredstatements="16" conditionals="2" coveredconditionals="0" methods="10" coveredmethods="2"/>
        <line num="1" count="1" type="stmt"/>
        <line num="2" count="1" type="stmt"/>
        <line num="3" count="1" type="stmt"/>
        <line num="4" count="1" type="stmt"/>
        <line num="5" count="1" type="stmt"/>
        <line num="6" count="1" type="stmt"/>
        <line num="7" count="1" type="stmt"/>
        <line num="9" count="1" type="stmt"/>
        <line num="11" count="1" type="stmt"/>
        <line num="13" count="1" type="stmt"/>
        <line num="14" count="1" type="stmt"/>
        <line num="15" count="1" type="stmt"/>
        <line num="17" count="0" type="stmt"/>
        <line num="18" count="0" type="stmt"/>
        <line num="20" count="0" type="stmt"/>
        <line num="23" count="1" type="stmt"/>
        <line num="25" count="0" type="stmt"/>
        <line num="26" count="0" type="stmt"/>
        <line num="33" count="0" type="stmt"/>
        <line num="38" count="1" type="stmt"/>
        <line num="42" count="0" type="stmt"/>
        <line num="43" count="0" type="stmt"/>
        <line num="49" count="1" type="stmt"/>
        <line num="50" count="0" type="stmt"/>
        <line num="53" count="0" type="stmt"/>
        <line num="63" count="1" type="stmt"/>
      </file>
      <file name="ToDoListStyle.js" path="/Users/mac/DemoRN/src/component/ToDoList/ToDoListStyle.js">
        <metrics statements="3" coveredstatements="3" conditionals="0" coveredconditionals="0" methods="0" coveredmethods="0"/>
        <line num="1" count="1" type="stmt"/>
        <line num="2" count="1" type="stmt"/>
        <line num="23" count="1" type="stmt"/>
      </file>
    </package>
    <package name="component.WrapTextInput">
      <metrics statements="16" coveredstatements="16" conditionals="12" coveredconditionals="5" methods="8" coveredmethods="6"/>
      <file name="WrapTextInput.js" path="/Users/mac/DemoRN/src/component/WrapTextInput/WrapTextInput.js">
        <metrics statements="12" coveredstatements="12" conditionals="2" coveredconditionals="1" methods="3" coveredmethods="3"/>
        <line num="1" count="1" type="stmt"/>
        <line num="2" count="1" type="stmt"/>
        <line num="7" count="1" type="stmt"/>
        <line num="8" count="1" type="stmt"/>
        <line num="10" count="6" type="stmt"/>
        <line num="12" count="6" type="stmt"/>
        <line num="14" count="6" type="stmt"/>
        <line num="16" count="2" type="stmt"/>
        <line num="17" count="2" type="stmt"/>
        <line num="21" count="6" type="stmt"/>
        <line num="33" count="1" type="stmt"/>
        <line num="34" count="1" type="cond" truecount="1" falsecount="1"/>
      </file>
      <file name="WrapTextInputStyle.js" path="/Users/mac/DemoRN/src/component/WrapTextInput/WrapTextInputStyle.js">
        <metrics statements="4" coveredstatements="4" conditionals="10" coveredconditionals="4" methods="5" coveredmethods="3"/>
        <line num="1" count="1" type="stmt"/>
        <line num="2" count="5" type="cond" truecount="4" falsecount="6"/>
        <line num="4" count="1" type="stmt"/>
        <line num="23" count="1" type="stmt"/>
      </file>
    </package>
    <package name="layout">
      <metrics statements="3" coveredstatements="3" conditionals="0" coveredconditionals="0" methods="0" coveredmethods="0"/>
      <file name="index.js" path="/Users/mac/DemoRN/src/layout/index.js">
        <metrics statements="3" coveredstatements="3" conditionals="0" coveredconditionals="0" methods="0" coveredmethods="0"/>
        <line num="1" count="3" type="stmt"/>
        <line num="3" count="3" type="stmt"/>
        <line num="33" count="3" type="stmt"/>
      </file>
    </package>
  </project>
</coverage>
