{"/Users/mac/DemoRN/src/Utils/index.js": {"path":"/Users/mac/DemoRN/src/Utils/index.js","statementMap":{"0":{"start":{"line":1,"column":42},"end":{"line":1,"column":97}},"1":{"start":{"line":1,"column":98},"end":{"line":1,"column":160}},"2":{"start":{"line":1,"column":160},"end":{"line":1,"column":185}},"3":{"start":{"line":1,"column":208},"end":{"line":1,"column":280}},"4":{"start":{"line":1,"column":301},"end":{"line":1,"column":370}},"5":{"start":{"line":1,"column":383},"end":{"line":5,"column":26}},"6":{"start":{"line":1,"column":414},"end":{"line":1,"column":457}},"7":{"start":{"line":1,"column":458},"end":{"line":5,"column":10}},"8":{"start":{"line":3,"column":23},"end":{"line":3,"column":176}},"9":{"start":{"line":4,"column":6},"end":{"line":4,"column":50}},"10":{"start":{"line":5,"column":10},"end":{"line":5,"column":23}},"11":{"start":{"line":5,"column":27},"end":{"line":5,"column":51}}},"fnMap":{"0":{"name":"(anonymous_0)","decl":{"start":{"line":1,"column":383},"end":{"line":1,"column":384}},"loc":{"start":{"line":1,"column":395},"end":{"line":5,"column":24}},"line":1},"1":{"name":"Utils","decl":{"start":{"line":1,"column":405},"end":{"line":1,"column":410}},"loc":{"start":{"line":1,"column":413},"end":{"line":1,"column":458}},"line":1},"2":{"name":"isValidEmail","decl":{"start":{"line":1,"column":538},"end":{"line":1,"column":550}},"loc":{"start":{"line":2,"column":11},"end":{"line":5,"column":5}},"line":2}},"branchMap":{},"s":{"0":2,"1":2,"2":2,"3":2,"4":2,"5":2,"6":0,"7":2,"8":6,"9":6,"10":2,"11":2},"f":{"0":2,"1":0,"2":6},"b":{},"inputSourceMap":null,"_coverageSchema":"1a1c01bbd47fc00a2c39e90264f33305004495a9","hash":"7e5058361f30fdfe3d6ddea698affa4bf3fe4a48"}
,"/Users/mac/DemoRN/src/component/Button/Button.js": {"path":"/Users/mac/DemoRN/src/component/Button/Button.js","statementMap":{"0":{"start":{"line":1,"column":43},"end":{"line":1,"column":99}},"1":{"start":{"line":1,"column":129},"end":{"line":1,"column":184}},"2":{"start":{"line":1,"column":185},"end":{"line":1,"column":247}},"3":{"start":{"line":1,"column":247},"end":{"line":1,"column":272}},"4":{"start":{"line":1,"column":285},"end":{"line":1,"column":326}},"5":{"start":{"line":2,"column":19},"end":{"line":2,"column":42}},"6":{"start":{"line":8,"column":19},"end":{"line":8,"column":67}},"7":{"start":{"line":8,"column":87},"end":{"line":8,"column":137}},"8":{"start":{"line":10,"column":37},"end":{"line":10,"column":49}},"9":{"start":{"line":10,"column":57},"end":{"line":10,"column":66}},"10":{"start":{"line":10,"column":73},"end":{"line":10,"column":81}},"11":{"start":{"line":11,"column":20},"end":{"line":11,"column":51}},"12":{"start":{"line":13,"column":15},"end":{"line":20,"column":7}},"13":{"start":{"line":15,"column":6},"end":{"line":18,"column":7}},"14":{"start":{"line":16,"column":8},"end":{"line":16,"column":42}},"15":{"start":{"line":17,"column":8},"end":{"line":17,"column":15}},"16":{"start":{"line":19,"column":6},"end":{"line":19,"column":16}},"17":{"start":{"line":23,"column":2},"end":{"line":31,"column":198}}},"fnMap":{"0":{"name":"Button","decl":{"start":{"line":10,"column":9},"end":{"line":10,"column":15}},"loc":{"start":{"line":10,"column":22},"end":{"line":34,"column":1}},"line":10},"1":{"name":"onPressHandle","decl":{"start":{"line":14,"column":28},"end":{"line":14,"column":41}},"loc":{"start":{"line":14,"column":44},"end":{"line":20,"column":5}},"line":14}},"branchMap":{"0":{"loc":{"start":{"line":11,"column":20},"end":{"line":11,"column":51}},"type":"cond-expr","locations":[{"start":{"line":11,"column":30},"end":{"line":11,"column":39}},{"start":{"line":11,"column":42},"end":{"line":11,"column":51}}],"line":11},"1":{"loc":{"start":{"line":15,"column":6},"end":{"line":18,"column":7}},"type":"if","locations":[{"start":{"line":15,"column":6},"end":{"line":18,"column":7}},{"start":{"line":15,"column":6},"end":{"line":18,"column":7}}],"line":15}},"s":{"0":1,"1":1,"2":1,"3":1,"4":1,"5":1,"6":1,"7":1,"8":3,"9":3,"10":3,"11":3,"12":3,"13":2,"14":1,"15":1,"16":1,"17":3},"f":{"0":3,"1":2},"b":{"0":[3,0],"1":[1,1]},"inputSourceMap":null,"_coverageSchema":"1a1c01bbd47fc00a2c39e90264f33305004495a9","hash":"fad586c1a3854a7290351a9dd466580bad2bef6d"}
,"/Users/mac/DemoRN/src/component/Button/ButtonStyle.js": {"path":"/Users/mac/DemoRN/src/component/Button/ButtonStyle.js","statementMap":{"0":{"start":{"line":1,"column":42},"end":{"line":1,"column":97}},"1":{"start":{"line":1,"column":98},"end":{"line":1,"column":160}},"2":{"start":{"line":1,"column":160},"end":{"line":1,"column":185}},"3":{"start":{"line":1,"column":208},"end":{"line":1,"column":280}},"4":{"start":{"line":1,"column":300},"end":{"line":1,"column":323}},"5":{"start":{"line":2,"column":14},"end":{"line":2,"column":61}},"6":{"start":{"line":2,"column":115},"end":{"line":2,"column":134}},"7":{"start":{"line":2,"column":135},"end":{"line":2,"column":380}},"8":{"start":{"line":2,"column":184},"end":{"line":2,"column":220}},"9":{"start":{"line":2,"column":221},"end":{"line":2,"column":348}},"10":{"start":{"line":2,"column":241},"end":{"line":2,"column":348}},"11":{"start":{"line":2,"column":282},"end":{"line":2,"column":345}},"12":{"start":{"line":2,"column":348},"end":{"line":2,"column":379}},"13":{"start":{"line":2,"column":380},"end":{"line":2,"column":392}},"14":{"start":{"line":2,"column":425},"end":{"line":2,"column":910}},"15":{"start":{"line":2,"column":438},"end":{"line":2,"column":439}},"16":{"start":{"line":2,"column":482},"end":{"line":2,"column":522}},"17":{"start":{"line":2,"column":523},"end":{"line":2,"column":909}},"18":{"start":{"line":2,"column":535},"end":{"line":2,"column":648}},"19":{"start":{"line":2,"column":589},"end":{"line":2,"column":645}},"20":{"start":{"line":2,"column":655},"end":{"line":2,"column":909}},"21":{"start":{"line":2,"column":694},"end":{"line":2,"column":768}},"22":{"start":{"line":2,"column":776},"end":{"line":2,"column":908}},"23":{"start":{"line":2,"column":824},"end":{"line":2,"column":905}},"24":{"start":{"line":2,"column":910},"end":{"line":2,"column":924}},"25":{"start":{"line":4,"column":0},"end":{"line":12,"column":21}},"26":{"start":{"line":12,"column":22},"end":{"line":12,"column":49}}},"fnMap":{"0":{"name":"ownKeys","decl":{"start":{"line":2,"column":71},"end":{"line":2,"column":78}},"loc":{"start":{"line":2,"column":103},"end":{"line":2,"column":393}},"line":2},"1":{"name":"(anonymous_1)","decl":{"start":{"line":2,"column":266},"end":{"line":2,"column":267}},"loc":{"start":{"line":2,"column":281},"end":{"line":2,"column":346}},"line":2},"2":{"name":"_objectSpread","decl":{"start":{"line":2,"column":402},"end":{"line":2,"column":415}},"loc":{"start":{"line":2,"column":424},"end":{"line":2,"column":925}},"line":2},"3":{"name":"(anonymous_3)","decl":{"start":{"line":2,"column":573},"end":{"line":2,"column":574}},"loc":{"start":{"line":2,"column":588},"end":{"line":2,"column":646}},"line":2},"4":{"name":"(anonymous_4)","decl":{"start":{"line":2,"column":808},"end":{"line":2,"column":809}},"loc":{"start":{"line":2,"column":823},"end":{"line":2,"column":906}},"line":2}},"branchMap":{"0":{"loc":{"start":{"line":2,"column":135},"end":{"line":2,"column":380}},"type":"if","locations":[{"start":{"line":2,"column":135},"end":{"line":2,"column":380}},{"start":{"line":2,"column":135},"end":{"line":2,"column":380}}],"line":2},"1":{"loc":{"start":{"line":2,"column":221},"end":{"line":2,"column":348}},"type":"if","locations":[{"start":{"line":2,"column":221},"end":{"line":2,"column":348}},{"start":{"line":2,"column":221},"end":{"line":2,"column":348}}],"line":2},"2":{"loc":{"start":{"line":2,"column":482},"end":{"line":2,"column":522}},"type":"cond-expr","locations":[{"start":{"line":2,"column":505},"end":{"line":2,"column":517}},{"start":{"line":2,"column":520},"end":{"line":2,"column":522}}],"line":2},"3":{"loc":{"start":{"line":2,"column":523},"end":{"line":2,"column":909}},"type":"if","locations":[{"start":{"line":2,"column":523},"end":{"line":2,"column":909}},{"start":{"line":2,"column":523},"end":{"line":2,"column":909}}],"line":2},"4":{"loc":{"start":{"line":2,"column":655},"end":{"line":2,"column":909}},"type":"if","locations":[{"start":{"line":2,"column":655},"end":{"line":2,"column":909}},{"start":{"line":2,"column":655},"end":{"line":2,"column":909}}],"line":2}},"s":{"0":1,"1":1,"2":1,"3":1,"4":1,"5":1,"6":1,"7":1,"8":1,"9":1,"10":1,"11":0,"12":1,"13":1,"14":1,"15":1,"16":1,"17":1,"18":1,"19":4,"20":0,"21":0,"22":0,"23":0,"24":1,"25":1,"26":1},"f":{"0":1,"1":0,"2":1,"3":4,"4":0},"b":{"0":[1,0],"1":[1,0],"2":[1,0],"3":[1,0],"4":[0,0]},"inputSourceMap":null,"_coverageSchema":"1a1c01bbd47fc00a2c39e90264f33305004495a9","hash":"14fee04e7e3826e93fd22cf722e9306d8fea4054"}
,"/Users/mac/DemoRN/src/component/ToDoList/ToDoList.js": {"path":"/Users/mac/DemoRN/src/component/ToDoList/ToDoList.js","statementMap":{"0":{"start":{"line":1,"column":42},"end":{"line":1,"column":97}},"1":{"start":{"line":1,"column":128},"end":{"line":1,"column":184}},"2":{"start":{"line":1,"column":185},"end":{"line":1,"column":247}},"3":{"start":{"line":1,"column":247},"end":{"line":1,"column":274}},"4":{"start":{"line":1,"column":274},"end":{"line":1,"column":300}},"5":{"start":{"line":1,"column":322},"end":{"line":1,"column":393}},"6":{"start":{"line":1,"column":427},"end":{"line":1,"column":509}},"7":{"start":{"line":1,"column":523},"end":{"line":1,"column":564}},"8":{"start":{"line":2,"column":19},"end":{"line":2,"column":42}},"9":{"start":{"line":3,"column":21},"end":{"line":3,"column":71}},"10":{"start":{"line":4,"column":14},"end":{"line":4,"column":61}},"11":{"start":{"line":5,"column":16},"end":{"line":5,"column":83}},"12":{"start":{"line":6,"column":14},"end":{"line":6,"column":55}},"13":{"start":{"line":7,"column":13},"end":{"line":7,"column":53}},"14":{"start":{"line":7,"column":73},"end":{"line":7,"column":127}},"15":{"start":{"line":7,"column":137},"end":{"line":7,"column":141}},"16":{"start":{"line":9,"column":37},"end":{"line":9,"column":41}},"17":{"start":{"line":9,"column":42},"end":{"line":9,"column":88}},"18":{"start":{"line":11,"column":12},"end":{"line":11,"column":86}},"19":{"start":{"line":13,"column":2},"end":{"line":13,"column":26}},"20":{"start":{"line":13,"column":40},"end":{"line":13,"column":82}},"21":{"start":{"line":13,"column":91},"end":{"line":13,"column":104}},"22":{"start":{"line":13,"column":116},"end":{"line":13,"column":129}},"23":{"start":{"line":14,"column":2},"end":{"line":21,"column":9}},"24":{"start":{"line":15,"column":4},"end":{"line":20,"column":47}},"25":{"start":{"line":17,"column":21},"end":{"line":17,"column":43}},"26":{"start":{"line":18,"column":6},"end":{"line":18,"column":25}},"27":{"start":{"line":20,"column":24},"end":{"line":20,"column":44}},"28":{"start":{"line":23,"column":16},"end":{"line":34,"column":7}},"29":{"start":{"line":25,"column":21},"end":{"line":31,"column":8}},"30":{"start":{"line":26,"column":8},"end":{"line":29,"column":71}},"31":{"start":{"line":33,"column":6},"end":{"line":33,"column":25}},"32":{"start":{"line":38,"column":2},"end":{"line":43,"column":373}},"33":{"start":{"line":42,"column":49},"end":{"line":42,"column":64}},"34":{"start":{"line":43,"column":57},"end":{"line":43,"column":67}},"35":{"start":{"line":43,"column":68},"end":{"line":43,"column":266}},"36":{"start":{"line":49,"column":15},"end":{"line":63,"column":1}},"37":{"start":{"line":49,"column":52},"end":{"line":49,"column":62}},"38":{"start":{"line":49,"column":77},"end":{"line":49,"column":94}},"39":{"start":{"line":50,"column":2},"end":{"line":58,"column":136}},"40":{"start":{"line":53,"column":35},"end":{"line":53,"column":60}},"41":{"start":{"line":63,"column":2},"end":{"line":63,"column":30}}},"fnMap":{"0":{"name":"_default","decl":{"start":{"line":9,"column":9},"end":{"line":9,"column":17}},"loc":{"start":{"line":9,"column":24},"end":{"line":47,"column":1}},"line":9},"1":{"name":"(anonymous_1)","decl":{"start":{"line":14,"column":24},"end":{"line":14,"column":25}},"loc":{"start":{"line":14,"column":36},"end":{"line":21,"column":3}},"line":14},"2":{"name":"(anonymous_2)","decl":{"start":{"line":16,"column":9},"end":{"line":16,"column":10}},"loc":{"start":{"line":16,"column":26},"end":{"line":19,"column":5}},"line":16},"3":{"name":"(anonymous_3)","decl":{"start":{"line":20,"column":10},"end":{"line":20,"column":11}},"loc":{"start":{"line":20,"column":23},"end":{"line":20,"column":45}},"line":20},"4":{"name":"onItemClick","decl":{"start":{"line":24,"column":26},"end":{"line":24,"column":37}},"loc":{"start":{"line":24,"column":44},"end":{"line":34,"column":5}},"line":24},"5":{"name":"(anonymous_5)","decl":{"start":{"line":25,"column":31},"end":{"line":25,"column":32}},"loc":{"start":{"line":25,"column":47},"end":{"line":31,"column":7}},"line":25},"6":{"name":"keyExtractor","decl":{"start":{"line":42,"column":29},"end":{"line":42,"column":41}},"loc":{"start":{"line":42,"column":48},"end":{"line":42,"column":65}},"line":42},"7":{"name":"renderItem","decl":{"start":{"line":43,"column":27},"end":{"line":43,"column":37}},"loc":{"start":{"line":43,"column":45},"end":{"line":43,"column":267}},"line":43},"8":{"name":"ListItem","decl":{"start":{"line":49,"column":24},"end":{"line":49,"column":32}},"loc":{"start":{"line":49,"column":40},"end":{"line":63,"column":1}},"line":49},"9":{"name":"onPress","decl":{"start":{"line":53,"column":24},"end":{"line":53,"column":31}},"loc":{"start":{"line":53,"column":34},"end":{"line":53,"column":61}},"line":53}},"branchMap":{"0":{"loc":{"start":{"line":29,"column":19},"end":{"line":29,"column":68}},"type":"cond-expr","locations":[{"start":{"line":29,"column":40},"end":{"line":29,"column":53}},{"start":{"line":29,"column":56},"end":{"line":29,"column":68}}],"line":29}},"s":{"0":1,"1":1,"2":1,"3":1,"4":1,"5":1,"6":1,"7":1,"8":1,"9":1,"10":1,"11":1,"12":1,"13":1,"14":1,"15":1,"16":1,"17":1,"18":1,"19":1,"20":1,"21":1,"22":1,"23":1,"24":1,"25":0,"26":0,"27":0,"28":1,"29":0,"30":0,"31":0,"32":1,"33":0,"34":0,"35":0,"36":1,"37":0,"38":0,"39":0,"40":0,"41":1},"f":{"0":1,"1":1,"2":0,"3":0,"4":0,"5":0,"6":0,"7":0,"8":0,"9":0},"b":{"0":[0,0]},"inputSourceMap":null,"_coverageSchema":"1a1c01bbd47fc00a2c39e90264f33305004495a9","hash":"5d8fe2f058d40ae22ef1d80f4cff0baa1fef72d4"}
,"/Users/mac/DemoRN/src/component/ToDoList/ToDoListStyle.js": {"path":"/Users/mac/DemoRN/src/component/ToDoList/ToDoListStyle.js","statementMap":{"0":{"start":{"line":1,"column":13},"end":{"line":1,"column":75}},"1":{"start":{"line":1,"column":75},"end":{"line":1,"column":100}},"2":{"start":{"line":1,"column":119},"end":{"line":1,"column":142}},"3":{"start":{"line":2,"column":0},"end":{"line":23,"column":19}},"4":{"start":{"line":23,"column":20},"end":{"line":23,"column":47}}},"fnMap":{},"branchMap":{},"s":{"0":1,"1":1,"2":1,"3":1,"4":1},"f":{},"b":{},"inputSourceMap":null,"_coverageSchema":"1a1c01bbd47fc00a2c39e90264f33305004495a9","hash":"27b567ccb41a81f4d9bf16eaf84cd3cb4e546875"}
,"/Users/mac/DemoRN/src/component/WrapTextInput/WrapTextInput.js": {"path":"/Users/mac/DemoRN/src/component/WrapTextInput/WrapTextInput.js","statementMap":{"0":{"start":{"line":1,"column":42},"end":{"line":1,"column":97}},"1":{"start":{"line":1,"column":128},"end":{"line":1,"column":184}},"2":{"start":{"line":1,"column":185},"end":{"line":1,"column":247}},"3":{"start":{"line":1,"column":247},"end":{"line":1,"column":279}},"4":{"start":{"line":1,"column":279},"end":{"line":1,"column":309}},"5":{"start":{"line":1,"column":331},"end":{"line":1,"column":402}},"6":{"start":{"line":1,"column":416},"end":{"line":1,"column":457}},"7":{"start":{"line":2,"column":19},"end":{"line":2,"column":42}},"8":{"start":{"line":7,"column":26},"end":{"line":7,"column":81}},"9":{"start":{"line":8,"column":13},"end":{"line":8,"column":59}},"10":{"start":{"line":8,"column":79},"end":{"line":8,"column":143}},"11":{"start":{"line":10,"column":48},"end":{"line":10,"column":64}},"12":{"start":{"line":12,"column":2},"end":{"line":12,"column":29}},"13":{"start":{"line":12,"column":43},"end":{"line":12,"column":85}},"14":{"start":{"line":12,"column":96},"end":{"line":12,"column":109}},"15":{"start":{"line":12,"column":121},"end":{"line":12,"column":134}},"16":{"start":{"line":14,"column":16},"end":{"line":18,"column":7}},"17":{"start":{"line":16,"column":18},"end":{"line":16,"column":51}},"18":{"start":{"line":17,"column":6},"end":{"line":17,"column":22}},"19":{"start":{"line":21,"column":2},"end":{"line":28,"column":168}},"20":{"start":{"line":33,"column":41},"end":{"line":33,"column":54}},"21":{"start":{"line":34,"column":2},"end":{"line":44,"column":173}}},"fnMap":{"0":{"name":"WrapTextInput","decl":{"start":{"line":10,"column":9},"end":{"line":10,"column":22}},"loc":{"start":{"line":10,"column":29},"end":{"line":31,"column":1}},"line":10},"1":{"name":"onTextChange","decl":{"start":{"line":15,"column":27},"end":{"line":15,"column":39}},"loc":{"start":{"line":15,"column":46},"end":{"line":18,"column":5}},"line":15},"2":{"name":"ValidText","decl":{"start":{"line":33,"column":9},"end":{"line":33,"column":18}},"loc":{"start":{"line":33,"column":26},"end":{"line":46,"column":1}},"line":33}},"branchMap":{"0":{"loc":{"start":{"line":34,"column":9},"end":{"line":44,"column":172}},"type":"cond-expr","locations":[{"start":{"line":35,"column":2},"end":{"line":38,"column":162}},{"start":{"line":42,"column":2},"end":{"line":44,"column":172}}],"line":34}},"s":{"0":1,"1":1,"2":1,"3":1,"4":1,"5":1,"6":1,"7":1,"8":1,"9":1,"10":1,"11":6,"12":6,"13":6,"14":6,"15":6,"16":6,"17":2,"18":2,"19":6,"20":1,"21":1},"f":{"0":6,"1":2,"2":1},"b":{"0":[0,1]},"inputSourceMap":null,"_coverageSchema":"1a1c01bbd47fc00a2c39e90264f33305004495a9","hash":"974efca1f34d0dfd96d64ae73e675902fc41cf06"}
,"/Users/mac/DemoRN/src/component/WrapTextInput/WrapTextInputStyle.js": {"path":"/Users/mac/DemoRN/src/component/WrapTextInput/WrapTextInputStyle.js","statementMap":{"0":{"start":{"line":1,"column":42},"end":{"line":1,"column":97}},"1":{"start":{"line":1,"column":98},"end":{"line":1,"column":160}},"2":{"start":{"line":1,"column":160},"end":{"line":1,"column":185}},"3":{"start":{"line":1,"column":208},"end":{"line":1,"column":280}},"4":{"start":{"line":1,"column":300},"end":{"line":1,"column":323}},"5":{"start":{"line":2,"column":14},"end":{"line":2,"column":61}},"6":{"start":{"line":2,"column":115},"end":{"line":2,"column":134}},"7":{"start":{"line":2,"column":135},"end":{"line":2,"column":380}},"8":{"start":{"line":2,"column":184},"end":{"line":2,"column":220}},"9":{"start":{"line":2,"column":221},"end":{"line":2,"column":348}},"10":{"start":{"line":2,"column":241},"end":{"line":2,"column":348}},"11":{"start":{"line":2,"column":282},"end":{"line":2,"column":345}},"12":{"start":{"line":2,"column":348},"end":{"line":2,"column":379}},"13":{"start":{"line":2,"column":380},"end":{"line":2,"column":392}},"14":{"start":{"line":2,"column":425},"end":{"line":2,"column":910}},"15":{"start":{"line":2,"column":438},"end":{"line":2,"column":439}},"16":{"start":{"line":2,"column":482},"end":{"line":2,"column":522}},"17":{"start":{"line":2,"column":523},"end":{"line":2,"column":909}},"18":{"start":{"line":2,"column":535},"end":{"line":2,"column":648}},"19":{"start":{"line":2,"column":589},"end":{"line":2,"column":645}},"20":{"start":{"line":2,"column":655},"end":{"line":2,"column":909}},"21":{"start":{"line":2,"column":694},"end":{"line":2,"column":768}},"22":{"start":{"line":2,"column":776},"end":{"line":2,"column":908}},"23":{"start":{"line":2,"column":824},"end":{"line":2,"column":905}},"24":{"start":{"line":2,"column":910},"end":{"line":2,"column":924}},"25":{"start":{"line":4,"column":0},"end":{"line":23,"column":21}},"26":{"start":{"line":23,"column":22},"end":{"line":23,"column":49}}},"fnMap":{"0":{"name":"ownKeys","decl":{"start":{"line":2,"column":71},"end":{"line":2,"column":78}},"loc":{"start":{"line":2,"column":103},"end":{"line":2,"column":393}},"line":2},"1":{"name":"(anonymous_1)","decl":{"start":{"line":2,"column":266},"end":{"line":2,"column":267}},"loc":{"start":{"line":2,"column":281},"end":{"line":2,"column":346}},"line":2},"2":{"name":"_objectSpread","decl":{"start":{"line":2,"column":402},"end":{"line":2,"column":415}},"loc":{"start":{"line":2,"column":424},"end":{"line":2,"column":925}},"line":2},"3":{"name":"(anonymous_3)","decl":{"start":{"line":2,"column":573},"end":{"line":2,"column":574}},"loc":{"start":{"line":2,"column":588},"end":{"line":2,"column":646}},"line":2},"4":{"name":"(anonymous_4)","decl":{"start":{"line":2,"column":808},"end":{"line":2,"column":809}},"loc":{"start":{"line":2,"column":823},"end":{"line":2,"column":906}},"line":2}},"branchMap":{"0":{"loc":{"start":{"line":2,"column":135},"end":{"line":2,"column":380}},"type":"if","locations":[{"start":{"line":2,"column":135},"end":{"line":2,"column":380}},{"start":{"line":2,"column":135},"end":{"line":2,"column":380}}],"line":2},"1":{"loc":{"start":{"line":2,"column":221},"end":{"line":2,"column":348}},"type":"if","locations":[{"start":{"line":2,"column":221},"end":{"line":2,"column":348}},{"start":{"line":2,"column":221},"end":{"line":2,"column":348}}],"line":2},"2":{"loc":{"start":{"line":2,"column":482},"end":{"line":2,"column":522}},"type":"cond-expr","locations":[{"start":{"line":2,"column":505},"end":{"line":2,"column":517}},{"start":{"line":2,"column":520},"end":{"line":2,"column":522}}],"line":2},"3":{"loc":{"start":{"line":2,"column":523},"end":{"line":2,"column":909}},"type":"if","locations":[{"start":{"line":2,"column":523},"end":{"line":2,"column":909}},{"start":{"line":2,"column":523},"end":{"line":2,"column":909}}],"line":2},"4":{"loc":{"start":{"line":2,"column":655},"end":{"line":2,"column":909}},"type":"if","locations":[{"start":{"line":2,"column":655},"end":{"line":2,"column":909}},{"start":{"line":2,"column":655},"end":{"line":2,"column":909}}],"line":2}},"s":{"0":1,"1":1,"2":1,"3":1,"4":1,"5":1,"6":1,"7":1,"8":1,"9":1,"10":1,"11":0,"12":1,"13":1,"14":1,"15":1,"16":1,"17":1,"18":1,"19":5,"20":0,"21":0,"22":0,"23":0,"24":1,"25":1,"26":1},"f":{"0":1,"1":0,"2":1,"3":5,"4":0},"b":{"0":[1,0],"1":[1,0],"2":[1,0],"3":[1,0],"4":[0,0]},"inputSourceMap":null,"_coverageSchema":"1a1c01bbd47fc00a2c39e90264f33305004495a9","hash":"ff322b2957c1732078a2bdff9d65d1b417943672"}
,"/Users/mac/DemoRN/src/layout/index.js": {"path":"/Users/mac/DemoRN/src/layout/index.js","statementMap":{"0":{"start":{"line":1,"column":13},"end":{"line":1,"column":75}},"1":{"start":{"line":1,"column":75},"end":{"line":1,"column":100}},"2":{"start":{"line":1,"column":119},"end":{"line":1,"column":142}},"3":{"start":{"line":3,"column":0},"end":{"line":33,"column":29}},"4":{"start":{"line":33,"column":30},"end":{"line":33,"column":57}}},"fnMap":{},"branchMap":{},"s":{"0":3,"1":3,"2":3,"3":3,"4":3},"f":{},"b":{},"inputSourceMap":null,"_coverageSchema":"1a1c01bbd47fc00a2c39e90264f33305004495a9","hash":"c525f13cc189ed55ed5e668bd87ce3be6afd5520"}
}
