TN:
SF:src/Utils/index.js
FN:1,(anonymous_0)
FN:1,Utils
FN:1,isValidEmail
FNF:3
FNH:2
FNDA:2,(anonymous_0)
FNDA:0,Utils
FNDA:6,isValidEmail
DA:1,2
DA:3,6
DA:4,6
DA:5,2
LF:4
LH:4
BRF:0
BRH:0
end_of_record
TN:
SF:src/component/Button/Button.js
FN:10,Button
FN:14,onPressHandle
FNF:2
FNH:2
FNDA:3,Button
FNDA:2,onPressHandle
DA:1,1
DA:2,1
DA:8,1
DA:10,3
DA:11,3
DA:13,3
DA:15,2
DA:16,1
DA:17,1
DA:19,1
DA:23,3
LF:11
LH:11
BRDA:11,0,0,3
BRDA:11,0,1,0
BRDA:15,1,0,1
BRDA:15,1,1,1
BRF:4
BRH:3
end_of_record
TN:
SF:src/component/Button/ButtonStyle.js
FN:2,ownKeys
FN:2,(anonymous_1)
FN:2,_objectSpread
FN:2,(anonymous_3)
FN:2,(anonymous_4)
FNF:5
FNH:3
FNDA:1,ownKeys
FNDA:0,(anonymous_1)
FNDA:1,_objectSpread
FNDA:4,(anonymous_3)
FNDA:0,(anonymous_4)
DA:1,1
DA:2,4
DA:4,1
DA:12,1
LF:4
LH:4
BRDA:2,0,0,1
BRDA:2,0,1,0
BRDA:2,1,0,1
BRDA:2,1,1,0
BRDA:2,2,0,1
BRDA:2,2,1,0
BRDA:2,3,0,1
BRDA:2,3,1,0
BRDA:2,4,0,0
BRDA:2,4,1,0
BRF:10
BRH:4
end_of_record
TN:
SF:src/component/ToDoList/ToDoList.js
FN:9,_default
FN:14,(anonymous_1)
FN:16,(anonymous_2)
FN:20,(anonymous_3)
FN:24,onItemClick
FN:25,(anonymous_5)
FN:42,keyExtractor
FN:43,renderItem
FN:49,ListItem
FN:53,onPress
FNF:10
FNH:2
FNDA:1,_default
FNDA:1,(anonymous_1)
FNDA:0,(anonymous_2)
FNDA:0,(anonymous_3)
FNDA:0,onItemClick
FNDA:0,(anonymous_5)
FNDA:0,keyExtractor
FNDA:0,renderItem
FNDA:0,ListItem
FNDA:0,onPress
DA:1,1
DA:2,1
DA:3,1
DA:4,1
DA:5,1
DA:6,1
DA:7,1
DA:9,1
DA:11,1
DA:13,1
DA:14,1
DA:15,1
DA:17,0
DA:18,0
DA:20,0
DA:23,1
DA:25,0
DA:26,0
DA:33,0
DA:38,1
DA:42,0
DA:43,0
DA:49,1
DA:50,0
DA:53,0
DA:63,1
LF:26
LH:16
BRDA:29,0,0,0
BRDA:29,0,1,0
BRF:2
BRH:0
end_of_record
TN:
SF:src/component/ToDoList/ToDoListStyle.js
FNF:0
FNH:0
DA:1,1
DA:2,1
DA:23,1
LF:3
LH:3
BRF:0
BRH:0
end_of_record
TN:
SF:src/component/WrapTextInput/WrapTextInput.js
FN:10,WrapTextInput
FN:15,onTextChange
FN:33,ValidText
FNF:3
FNH:3
FNDA:6,WrapTextInput
FNDA:2,onTextChange
FNDA:1,ValidText
DA:1,1
DA:2,1
DA:7,1
DA:8,1
DA:10,6
DA:12,6
DA:14,6
DA:16,2
DA:17,2
DA:21,6
DA:33,1
DA:34,1
LF:12
LH:12
BRDA:34,0,0,0
BRDA:34,0,1,1
BRF:2
BRH:1
end_of_record
TN:
SF:src/component/WrapTextInput/WrapTextInputStyle.js
FN:2,ownKeys
FN:2,(anonymous_1)
FN:2,_objectSpread
FN:2,(anonymous_3)
FN:2,(anonymous_4)
FNF:5
FNH:3
FNDA:1,ownKeys
FNDA:0,(anonymous_1)
FNDA:1,_objectSpread
FNDA:5,(anonymous_3)
FNDA:0,(anonymous_4)
DA:1,1
DA:2,5
DA:4,1
DA:23,1
LF:4
LH:4
BRDA:2,0,0,1
BRDA:2,0,1,0
BRDA:2,1,0,1
BRDA:2,1,1,0
BRDA:2,2,0,1
BRDA:2,2,1,0
BRDA:2,3,0,1
BRDA:2,3,1,0
BRDA:2,4,0,0
BRDA:2,4,1,0
BRF:10
BRH:4
end_of_record
TN:
SF:src/layout/index.js
FNF:0
FNH:0
DA:1,3
DA:3,3
DA:33,3
LF:3
LH:3
BRF:0
BRH:0
end_of_record
